# JRE version: OpenJDK Runtime Environment Temurin-21.0.8+9 (21.0.8+9) (build 21.0.8+9-LTS)
# Java VM: OpenJDK 64-Bit Server VM Temurin-21.0.8+9 (21.0.8+9-LTS, mixed mode, sharing, tiered, compressed oops, compressed class ptrs, parallel gc, windows-amd64)
GC Precious Log:
 CardTable entry size: 512
 CPUs: 12 total, 12 available
 Memory: 15741M
 Large Page Support: Disabled
 NUMA Support: Disabled
 Compressed Oops: Enabled (32-bit)
 Alignments: Space 512K, Generation 512K, Heap 2M
 Heap Min Capacity: 100M
 Heap Initial Capacity: 100M
 Heap Max Capacity: 2G
 Pre-touch: Disabled
 Parallel Workers: 10
Heap:
 PSYoungGen      total 11264K, used 6280K [0x00000000d5580000, 0x00000000d6180000, 0x0000000100000000)
  eden space 10240K, 54% used [0x00000000d5580000,0x00000000d5affa10,0x00000000d5f80000)
  from space 1024K, 63% used [0x00000000d6080000,0x00000000d6122910,0x00000000d6180000)
  to   space 1024K, 0% used [0x00000000d5f80000,0x00000000d5f80000,0x00000000d6080000)
 ParOldGen       total 1135616K, used 1135587K [0x0000000080000000, 0x00000000c5500000, 0x00000000d5580000)
  object space 1135616K, 99% used [0x0000000080000000,0x00000000c54f8db0,0x00000000c5500000)
 Metaspace       used 109535K, committed 113984K, reserved 1179648K
  class space    used 10593K, committed 12096K, reserved 1048576K
GC Heap History (20 events):
Event: 129869.988 GC heap before
{Heap before GC invocations=63245 (full 92):
 PSYoungGen      total 11264K, used 10560K [0x00000000d5580000, 0x00000000d6180000, 0x0000000100000000)
  eden space 10240K, 100% used [0x00000000d5580000,0x00000000d5f80000,0x00000000d5f80000)
  from space 1024K, 31% used [0x00000000d6080000,0x00000000d60d0000,0x00000000d6180000)
  to   space 1024K, 0% used [0x00000000d5f80000,0x00000000d5f80000,0x00000000d6080000)
 ParOldGen       total 1134080K, used 1134070K [0x0000000080000000, 0x00000000c5380000, 0x00000000d5580000)
  object space 1134080K, 99% used [0x0000000080000000,0x00000000c537dba0,0x00000000c5380000)
 Metaspace       used 109535K, committed 113984K, reserved 1179648K
  class space    used 10593K, committed 12096K, reserved 1048576K
}
Event: 129869.991 GC heap after
{Heap after GC invocations=63245 (full 92):
 PSYoungGen      total 11264K, used 644K [0x00000000d5580000, 0x00000000d6180000, 0x0000000100000000)
  eden space 10240K, 0% used [0x00000000d5580000,0x00000000d5580000,0x00000000d5f80000)
  from space 1024K, 62% used [0x00000000d5f80000,0x00000000d6021210,0x00000000d6080000)
  to   space 1024K, 0% used [0x00000000d6080000,0x00000000d6080000,0x00000000d6180000)
 ParOldGen       total 1134592K, used 1134134K [0x0000000080000000, 0x00000000c5400000, 0x00000000d5580000)
  object space 1134592K, 99% used [0x0000000080000000,0x00000000c538dba0,0x00000000c5400000)
 Metaspace       used 109535K, committed 113984K, reserved 1179648K
  class space    used 10593K, committed 12096K, reserved 1048576K
}
Event: 129870.027 GC heap before
{Heap before GC invocations=63246 (full 92):
 PSYoungGen      total 11264K, used 10884K [0x00000000d5580000, 0x00000000d6180000, 0x0000000100000000)
  eden space 10240K, 100% used [0x00000000d5580000,0x00000000d5f80000,0x00000000d5f80000)
  from space 1024K, 62% used [0x00000000d5f80000,0x00000000d6021210,0x00000000d6080000)
  to   space 1024K, 0% used [0x00000000d6080000,0x00000000d6080000,0x00000000d6180000)
 ParOldGen       total 1134592K, used 1134134K [0x0000000080000000, 0x00000000c5400000, 0x00000000d5580000)
  object space 1134592K, 99% used [0x0000000080000000,0x00000000c538dba0,0x00000000c5400000)
 Metaspace       used 109535K, committed 113984K, reserved 1179648K
  class space    used 10593K, committed 12096K, reserved 1048576K
}
Event: 129870.029 GC heap after
{Heap after GC invocations=63246 (full 92):
 PSYoungGen      total 11264K, used 778K [0x00000000d5580000, 0x00000000d6180000, 0x0000000100000000)
  eden space 10240K, 0% used [0x00000000d5580000,0x00000000d5580000,0x00000000d5f80000)
  from space 1024K, 76% used [0x00000000d6080000,0x00000000d6142910,0x00000000d6180000)
  to   space 1024K, 0% used [0x00000000d5f80000,0x00000000d5f80000,0x00000000d6080000)
 ParOldGen       total 1134592K, used 1134206K [0x0000000080000000, 0x00000000c5400000, 0x00000000d5580000)
  object space 1134592K, 99% used [0x0000000080000000,0x00000000c539fba0,0x00000000c5400000)
 Metaspace       used 109535K, committed 113984K, reserved 1179648K
  class space    used 10593K, committed 12096K, reserved 1048576K
}
Event: 129870.666 GC heap before
{Heap before GC invocations=63247 (full 92):
 PSYoungGen      total 11264K, used 11018K [0x00000000d5580000, 0x00000000d6180000, 0x0000000100000000)
  eden space 10240K, 100% used [0x00000000d5580000,0x00000000d5f80000,0x00000000d5f80000)
  from space 1024K, 76% used [0x00000000d6080000,0x00000000d6142910,0x00000000d6180000)
  to   space 1024K, 0% used [0x00000000d5f80000,0x00000000d5f80000,0x00000000d6080000)
 ParOldGen       total 1134592K, used 1134206K [0x0000000080000000, 0x00000000c5400000, 0x00000000d5580000)
  object space 1134592K, 99% used [0x0000000080000000,0x00000000c539fba0,0x00000000c5400000)
 Metaspace       used 109535K, committed 113984K, reserved 1179648K
  class space    used 10593K, committed 12096K, reserved 1048576K
}
Event: 129870.669 GC heap after
{Heap after GC invocations=63247 (full 92):
 PSYoungGen      total 11264K, used 1002K [0x00000000d5580000, 0x00000000d6280000, 0x0000000100000000)
  eden space 10240K, 0% used [0x00000000d5580000,0x00000000d5580000,0x00000000d5f80000)
  from space 1024K, 97% used [0x00000000d5f80000,0x00000000d607a910,0x00000000d6080000)
  to   space 1536K, 0% used [0x00000000d6100000,0x00000000d6100000,0x00000000d6280000)
 ParOldGen       total 1134592K, used 1134222K [0x0000000080000000, 0x00000000c5400000, 0x00000000d5580000)
  object space 1134592K, 99% used [0x0000000080000000,0x00000000c53a3ba0,0x00000000c5400000)
 Metaspace       used 109535K, committed 113984K, reserved 1179648K
  class space    used 10593K, committed 12096K, reserved 1048576K
}
Event: 129871.351 GC heap before
{Heap before GC invocations=63248 (full 92):
 PSYoungGen      total 11264K, used 11242K [0x00000000d5580000, 0x00000000d6280000, 0x0000000100000000)
  eden space 10240K, 100% used [0x00000000d5580000,0x00000000d5f80000,0x00000000d5f80000)
  from space 1024K, 97% used [0x00000000d5f80000,0x00000000d607a910,0x00000000d6080000)
  to   space 1536K, 0% used [0x00000000d6100000,0x00000000d6100000,0x00000000d6280000)
 ParOldGen       total 1134592K, used 1134222K [0x0000000080000000, 0x00000000c5400000, 0x00000000d5580000)
  object space 1134592K, 99% used [0x0000000080000000,0x00000000c53a3ba0,0x00000000c5400000)
 Metaspace       used 109535K, committed 113984K, reserved 1179648K
  class space    used 10593K, committed 12096K, reserved 1048576K
}
Event: 129871.354 GC heap after
{Heap after GC invocations=63248 (full 92):
 PSYoungGen      total 10752K, used 468K [0x00000000d5580000, 0x00000000d6180000, 0x0000000100000000)
  eden space 10240K, 0% used [0x00000000d5580000,0x00000000d5580000,0x00000000d5f80000)
  from space 512K, 91% used [0x00000000d6100000,0x00000000d6175200,0x00000000d6180000)
  to   space 1024K, 0% used [0x00000000d5f80000,0x00000000d5f80000,0x00000000d6080000)
 ParOldGen       total 1135104K, used 1135099K [0x0000000080000000, 0x00000000c5480000, 0x00000000d5580000)
  object space 1135104K, 99% used [0x0000000080000000,0x00000000c547edb0,0x00000000c5480000)
 Metaspace       used 109535K, committed 113984K, reserved 1179648K
  class space    used 10593K, committed 12096K, reserved 1048576K
}
Event: 129871.403 GC heap before
{Heap before GC invocations=63249 (full 92):
 PSYoungGen      total 10752K, used 10708K [0x00000000d5580000, 0x00000000d6180000, 0x0000000100000000)
  eden space 10240K, 100% used [0x00000000d5580000,0x00000000d5f80000,0x00000000d5f80000)
  from space 512K, 91% used [0x00000000d6100000,0x00000000d6175200,0x00000000d6180000)
  to   space 1024K, 0% used [0x00000000d5f80000,0x00000000d5f80000,0x00000000d6080000)
 ParOldGen       total 1135104K, used 1135099K [0x0000000080000000, 0x00000000c5480000, 0x00000000d5580000)
  object space 1135104K, 99% used [0x0000000080000000,0x00000000c547edb0,0x00000000c5480000)
 Metaspace       used 109535K, committed 113984K, reserved 1179648K
  class space    used 10593K, committed 12096K, reserved 1048576K
}
Event: 129871.406 GC heap after
{Heap after GC invocations=63249 (full 92):
 PSYoungGen      total 11264K, used 570K [0x00000000d5580000, 0x00000000d6180000, 0x0000000100000000)
  eden space 10240K, 0% used [0x00000000d5580000,0x00000000d5580000,0x00000000d5f80000)
  from space 1024K, 55% used [0x00000000d5f80000,0x00000000d600e900,0x00000000d6080000)
  to   space 1024K, 0% used [0x00000000d6080000,0x00000000d6080000,0x00000000d6180000)
 ParOldGen       total 1135616K, used 1135299K [0x0000000080000000, 0x00000000c5500000, 0x00000000d5580000)
  object space 1135616K, 99% used [0x0000000080000000,0x00000000c54b0db0,0x00000000c5500000)
 Metaspace       used 109535K, committed 113984K, reserved 1179648K
  class space    used 10593K, committed 12096K, reserved 1048576K
}
Event: 129871.937 GC heap before
{Heap before GC invocations=63250 (full 92):
 PSYoungGen      total 11264K, used 10810K [0x00000000d5580000, 0x00000000d6180000, 0x0000000100000000)
  eden space 10240K, 100% used [0x00000000d5580000,0x00000000d5f80000,0x00000000d5f80000)
  from space 1024K, 55% used [0x00000000d5f80000,0x00000000d600e900,0x00000000d6080000)
  to   space 1024K, 0% used [0x00000000d6080000,0x00000000d6080000,0x00000000d6180000)
 ParOldGen       total 1135616K, used 1135299K [0x0000000080000000, 0x00000000c5500000, 0x00000000d5580000)
  object space 1135616K, 99% used [0x0000000080000000,0x00000000c54b0db0,0x00000000c5500000)
 Metaspace       used 109535K, committed 113984K, reserved 1179648K
  class space    used 10593K, committed 12096K, reserved 1048576K
}
Event: 129871.940 GC heap after
{Heap after GC invocations=63250 (full 92):
 PSYoungGen      total 11264K, used 708K [0x00000000d5580000, 0x00000000d6180000, 0x0000000100000000)
  eden space 10240K, 0% used [0x00000000d5580000,0x00000000d5580000,0x00000000d5f80000)
  from space 1024K, 69% used [0x00000000d6080000,0x00000000d6131210,0x00000000d6180000)
  to   space 1024K, 0% used [0x00000000d5f80000,0x00000000d5f80000,0x00000000d6080000)
 ParOldGen       total 1135616K, used 1135347K [0x0000000080000000, 0x00000000c5500000, 0x00000000d5580000)
  object space 1135616K, 99% used [0x0000000080000000,0x00000000c54bcdb0,0x00000000c5500000)
 Metaspace       used 109535K, committed 113984K, reserved 1179648K
  class space    used 10593K, committed 12096K, reserved 1048576K
}
Event: 129872.033 GC heap before
{Heap before GC invocations=63251 (full 92):
 PSYoungGen      total 11264K, used 10948K [0x00000000d5580000, 0x00000000d6180000, 0x0000000100000000)
  eden space 10240K, 100% used [0x00000000d5580000,0x00000000d5f80000,0x00000000d5f80000)
  from space 1024K, 69% used [0x00000000d6080000,0x00000000d6131210,0x00000000d6180000)
  to   space 1024K, 0% used [0x00000000d5f80000,0x00000000d5f80000,0x00000000d6080000)
 ParOldGen       total 1135616K, used 1135347K [0x0000000080000000, 0x00000000c5500000, 0x00000000d5580000)
  object space 1135616K, 99% used [0x0000000080000000,0x00000000c54bcdb0,0x00000000c5500000)
 Metaspace       used 109535K, committed 113984K, reserved 1179648K
  class space    used 10593K, committed 12096K, reserved 1048576K
}
Event: 129872.036 GC heap after
{Heap after GC invocations=63251 (full 92):
 PSYoungGen      total 11264K, used 756K [0x00000000d5580000, 0x00000000d6180000, 0x0000000100000000)
  eden space 10240K, 0% used [0x00000000d5580000,0x00000000d5580000,0x00000000d5f80000)
  from space 1024K, 73% used [0x00000000d5f80000,0x00000000d603d200,0x00000000d6080000)
  to   space 1024K, 0% used [0x00000000d6080000,0x00000000d6080000,0x00000000d6180000)
 ParOldGen       total 1135616K, used 1135411K [0x0000000080000000, 0x00000000c5500000, 0x00000000d5580000)
  object space 1135616K, 99% used [0x0000000080000000,0x00000000c54ccdb0,0x00000000c5500000)
 Metaspace       used 109535K, committed 113984K, reserved 1179648K
  class space    used 10593K, committed 12096K, reserved 1048576K
}
Event: 129873.121 GC heap before
{Heap before GC invocations=63252 (full 92):
 PSYoungGen      total 11264K, used 10996K [0x00000000d5580000, 0x00000000d6180000, 0x0000000100000000)
  eden space 10240K, 100% used [0x00000000d5580000,0x00000000d5f80000,0x00000000d5f80000)
  from space 1024K, 73% used [0x00000000d5f80000,0x00000000d603d200,0x00000000d6080000)
  to   space 1024K, 0% used [0x00000000d6080000,0x00000000d6080000,0x00000000d6180000)
 ParOldGen       total 1135616K, used 1135411K [0x0000000080000000, 0x00000000c5500000, 0x00000000d5580000)
  object space 1135616K, 99% used [0x0000000080000000,0x00000000c54ccdb0,0x00000000c5500000)
 Metaspace       used 109535K, committed 113984K, reserved 1179648K
  class space    used 10593K, committed 12096K, reserved 1048576K
}
Event: 129873.125 GC heap after
{Heap after GC invocations=63252 (full 92):
 PSYoungGen      total 11264K, used 922K [0x00000000d5580000, 0x00000000d6180000, 0x0000000100000000)
  eden space 10240K, 0% used [0x00000000d5580000,0x00000000d5580000,0x00000000d5f80000)
  from space 1024K, 90% used [0x00000000d6080000,0x00000000d6166900,0x00000000d6180000)
  to   space 1024K, 0% used [0x00000000d5f80000,0x00000000d5f80000,0x00000000d6080000)
 ParOldGen       total 1135616K, used 1135443K [0x0000000080000000, 0x00000000c5500000, 0x00000000d5580000)
  object space 1135616K, 99% used [0x0000000080000000,0x00000000c54d4db0,0x00000000c5500000)
 Metaspace       used 109535K, committed 113984K, reserved 1179648K
  class space    used 10593K, committed 12096K, reserved 1048576K
}
Event: 129873.229 GC heap before
{Heap before GC invocations=63253 (full 92):
 PSYoungGen      total 11264K, used 11162K [0x00000000d5580000, 0x00000000d6180000, 0x0000000100000000)
  eden space 10240K, 100% used [0x00000000d5580000,0x00000000d5f80000,0x00000000d5f80000)
  from space 1024K, 90% used [0x00000000d6080000,0x00000000d6166900,0x00000000d6180000)
  to   space 1024K, 0% used [0x00000000d5f80000,0x00000000d5f80000,0x00000000d6080000)
 ParOldGen       total 1135616K, used 1135443K [0x0000000080000000, 0x00000000c5500000, 0x00000000d5580000)
  object space 1135616K, 99% used [0x0000000080000000,0x00000000c54d4db0,0x00000000c5500000)
 Metaspace       used 109535K, committed 113984K, reserved 1179648K
  class space    used 10593K, committed 12096K, reserved 1048576K
}
Event: 129873.232 GC heap after
{Heap after GC invocations=63253 (full 92):
 PSYoungGen      total 11264K, used 320K [0x00000000d5580000, 0x00000000d6180000, 0x0000000100000000)
  eden space 10240K, 0% used [0x00000000d5580000,0x00000000d5580000,0x00000000d5f80000)
  from space 1024K, 31% used [0x00000000d5f80000,0x00000000d5fd0000,0x00000000d6080000)
  to   space 1024K, 0% used [0x00000000d6080000,0x00000000d6080000,0x00000000d6180000)
 ParOldGen       total 1135616K, used 1135515K [0x0000000080000000, 0x00000000c5500000, 0x00000000d5580000)
  object space 1135616K, 99% used [0x0000000080000000,0x00000000c54e6db0,0x00000000c5500000)
 Metaspace       used 109535K, committed 113984K, reserved 1179648K
  class space    used 10593K, committed 12096K, reserved 1048576K
}
Event: 129873.384 GC heap before
{Heap before GC invocations=63254 (full 92):
 PSYoungGen      total 11264K, used 10560K [0x00000000d5580000, 0x00000000d6180000, 0x0000000100000000)
  eden space 10240K, 100% used [0x00000000d5580000,0x00000000d5f80000,0x00000000d5f80000)
  from space 1024K, 31% used [0x00000000d5f80000,0x00000000d5fd0000,0x00000000d6080000)
  to   space 1024K, 0% used [0x00000000d6080000,0x00000000d6080000,0x00000000d6180000)
 ParOldGen       total 1135616K, used 1135515K [0x0000000080000000, 0x00000000c5500000, 0x00000000d5580000)
  object space 1135616K, 99% used [0x0000000080000000,0x00000000c54e6db0,0x00000000c5500000)
 Metaspace       used 109535K, committed 113984K, reserved 1179648K
  class space    used 10593K, committed 12096K, reserved 1048576K
}
Event: 129873.387 GC heap after
{Heap after GC invocations=63254 (full 92):
 PSYoungGen      total 11264K, used 650K [0x00000000d5580000, 0x00000000d6180000, 0x0000000100000000)
  eden space 10240K, 0% used [0x00000000d5580000,0x00000000d5580000,0x00000000d5f80000)
  from space 1024K, 63% used [0x00000000d6080000,0x00000000d6122910,0x00000000d6180000)
  to   space 1024K, 0% used [0x00000000d5f80000,0x00000000d5f80000,0x00000000d6080000)
 ParOldGen       total 1135616K, used 1135587K [0x0000000080000000, 0x00000000c5500000, 0x00000000d5580000)
  object space 1135616K, 99% used [0x0000000080000000,0x00000000c54f8db0,0x00000000c5500000)
 Metaspace       used 109535K, committed 113984K, reserved 1179648K
  class space    used 10593K, committed 12096K, reserved 1048576K
}

