# JRE version: OpenJDK Runtime Environment Temurin-21.0.8+9 (21.0.8+9) (build 21.0.8+9-LTS)
# Java VM: OpenJDK 64-Bit Server VM Temurin-21.0.8+9 (21.0.8+9-LTS, mixed mode, sharing, tiered, compressed oops, compressed class ptrs, parallel gc, windows-amd64)
GC Precious Log:
 CardTable entry size: 512
 CPUs: 12 total, 12 available
 Memory: 15741M
 Large Page Support: Disabled
 NUMA Support: Disabled
 Compressed Oops: Enabled (32-bit)
 Alignments: Space 512K, Generation 512K, Heap 2M
 Heap Min Capacity: 100M
 Heap Initial Capacity: 100M
 Heap Max Capacity: 2G
 Pre-touch: Disabled
 Parallel Workers: 10
Heap:
 PSYoungGen      total 2048K, used 1366K [0x00000000d5580000, 0x00000000d6580000, 0x0000000100000000)
  eden space 1024K, 36% used [0x00000000d5580000,0x00000000d55dc448,0x00000000d5680000)
  from space 1024K, 97% used [0x00000000d5c00000,0x00000000d5cf9530,0x00000000d5d00000)
  to   space 5632K, 0% used [0x00000000d5680000,0x00000000d5680000,0x00000000d5c00000)
 ParOldGen       total 846336K, used 846038K [0x0000000080000000, 0x00000000b3a80000, 0x00000000d5580000)
  object space 846336K, 99% used [0x0000000080000000,0x00000000b3a35b78,0x00000000b3a80000)
 Metaspace       used 98950K, committed 100672K, reserved 1179648K
  class space    used 9477K, committed 10304K, reserved 1048576K
GC Heap History (20 events):
Event: 73140.932 GC heap before
{Heap before GC invocations=29224 (full 51):
 PSYoungGen      total 3584K, used 3557K [0x00000000d5580000, 0x00000000d5e80000, 0x0000000100000000)
  eden space 2560K, 99% used [0x00000000d5580000,0x00000000d57ffff8,0x00000000d5800000)
  from space 1024K, 97% used [0x00000000d5a80000,0x00000000d5b79530,0x00000000d5b80000)
  to   space 2560K, 0% used [0x00000000d5800000,0x00000000d5800000,0x00000000d5a80000)
 ParOldGen       total 832000K, used 831835K [0x0000000080000000, 0x00000000b2c80000, 0x00000000d5580000)
  object space 832000K, 99% used [0x0000000080000000,0x00000000b2c56c10,0x00000000b2c80000)
 Metaspace       used 98947K, committed 100672K, reserved 1179648K
  class space    used 9477K, committed 10304K, reserved 1048576K
}
Event: 73140.937 GC heap after
{Heap after GC invocations=29224 (full 51):
 PSYoungGen      total 5120K, used 2528K [0x00000000d5580000, 0x00000000d5e00000, 0x0000000100000000)
  eden space 2560K, 0% used [0x00000000d5580000,0x00000000d5580000,0x00000000d5800000)
  from space 2560K, 98% used [0x00000000d5800000,0x00000000d5a78000,0x00000000d5a80000)
  to   space 3072K, 0% used [0x00000000d5b00000,0x00000000d5b00000,0x00000000d5e00000)
 ParOldGen       total 833024K, used 832688K [0x0000000080000000, 0x00000000b2d80000, 0x00000000d5580000)
  object space 833024K, 99% used [0x0000000080000000,0x00000000b2d2c290,0x00000000b2d80000)
 Metaspace       used 98947K, committed 100672K, reserved 1179648K
  class space    used 9477K, committed 10304K, reserved 1048576K
}
Event: 73140.978 GC heap before
{Heap before GC invocations=29225 (full 51):
 PSYoungGen      total 5120K, used 5088K [0x00000000d5580000, 0x00000000d5e00000, 0x0000000100000000)
  eden space 2560K, 100% used [0x00000000d5580000,0x00000000d5800000,0x00000000d5800000)
  from space 2560K, 98% used [0x00000000d5800000,0x00000000d5a78000,0x00000000d5a80000)
  to   space 3072K, 0% used [0x00000000d5b00000,0x00000000d5b00000,0x00000000d5e00000)
 ParOldGen       total 833024K, used 832688K [0x0000000080000000, 0x00000000b2d80000, 0x00000000d5580000)
  object space 833024K, 99% used [0x0000000080000000,0x00000000b2d2c290,0x00000000b2d80000)
 Metaspace       used 98947K, committed 100672K, reserved 1179648K
  class space    used 9477K, committed 10304K, reserved 1048576K
}
Event: 73140.985 GC heap after
{Heap after GC invocations=29225 (full 51):
 PSYoungGen      total 4608K, used 2021K [0x00000000d5580000, 0x00000000d5d00000, 0x0000000100000000)
  eden space 2560K, 0% used [0x00000000d5580000,0x00000000d5580000,0x00000000d5800000)
  from space 2048K, 98% used [0x00000000d5b00000,0x00000000d5cf9530,0x00000000d5d00000)
  to   space 2560K, 0% used [0x00000000d5800000,0x00000000d5800000,0x00000000d5a80000)
 ParOldGen       total 835584K, used 835104K [0x0000000080000000, 0x00000000b3000000, 0x00000000d5580000)
  object space 835584K, 99% used [0x0000000080000000,0x00000000b2f88290,0x00000000b3000000)
 Metaspace       used 98947K, committed 100672K, reserved 1179648K
  class space    used 9477K, committed 10304K, reserved 1048576K
}
Event: 73140.993 GC heap before
{Heap before GC invocations=29226 (full 51):
 PSYoungGen      total 4608K, used 4581K [0x00000000d5580000, 0x00000000d5d00000, 0x0000000100000000)
  eden space 2560K, 100% used [0x00000000d5580000,0x00000000d5800000,0x00000000d5800000)
  from space 2048K, 98% used [0x00000000d5b00000,0x00000000d5cf9530,0x00000000d5d00000)
  to   space 2560K, 0% used [0x00000000d5800000,0x00000000d5800000,0x00000000d5a80000)
 ParOldGen       total 835584K, used 835104K [0x0000000080000000, 0x00000000b3000000, 0x00000000d5580000)
  object space 835584K, 99% used [0x0000000080000000,0x00000000b2f88290,0x00000000b3000000)
 Metaspace       used 98947K, committed 100672K, reserved 1179648K
  class space    used 9477K, committed 10304K, reserved 1048576K
}
Event: 73140.997 GC heap after
{Heap after GC invocations=29226 (full 51):
 PSYoungGen      total 5120K, used 2560K [0x00000000d5580000, 0x00000000d6200000, 0x0000000100000000)
  eden space 2560K, 0% used [0x00000000d5580000,0x00000000d5580000,0x00000000d5800000)
  from space 2560K, 100% used [0x00000000d5800000,0x00000000d5a80000,0x00000000d5a80000)
  to   space 5120K, 0% used [0x00000000d5d00000,0x00000000d5d00000,0x00000000d6200000)
 ParOldGen       total 837120K, used 837013K [0x0000000080000000, 0x00000000b3180000, 0x00000000d5580000)
  object space 837120K, 99% used [0x0000000080000000,0x00000000b31657c0,0x00000000b3180000)
 Metaspace       used 98947K, committed 100672K, reserved 1179648K
  class space    used 9477K, committed 10304K, reserved 1048576K
}
Event: 73141.070 GC heap before
{Heap before GC invocations=29227 (full 51):
 PSYoungGen      total 5120K, used 5120K [0x00000000d5580000, 0x00000000d6200000, 0x0000000100000000)
  eden space 2560K, 100% used [0x00000000d5580000,0x00000000d5800000,0x00000000d5800000)
  from space 2560K, 100% used [0x00000000d5800000,0x00000000d5a80000,0x00000000d5a80000)
  to   space 5120K, 0% used [0x00000000d5d00000,0x00000000d5d00000,0x00000000d6200000)
 ParOldGen       total 837120K, used 837013K [0x0000000080000000, 0x00000000b3180000, 0x00000000d5580000)
  object space 837120K, 99% used [0x0000000080000000,0x00000000b31657c0,0x00000000b3180000)
 Metaspace       used 98947K, committed 100672K, reserved 1179648K
  class space    used 9477K, committed 10304K, reserved 1048576K
}
Event: 73141.083 GC heap after
{Heap after GC invocations=29227 (full 51):
 PSYoungGen      total 4096K, used 1339K [0x00000000d5580000, 0x00000000d5e80000, 0x0000000100000000)
  eden space 2560K, 0% used [0x00000000d5580000,0x00000000d5580000,0x00000000d5800000)
  from space 1536K, 87% used [0x00000000d5d00000,0x00000000d5e4ede8,0x00000000d5e80000)
  to   space 2560K, 0% used [0x00000000d5980000,0x00000000d5980000,0x00000000d5c00000)
 ParOldGen       total 839680K, used 839501K [0x0000000080000000, 0x00000000b3400000, 0x00000000d5580000)
  object space 839680K, 99% used [0x0000000080000000,0x00000000b33d37c0,0x00000000b3400000)
 Metaspace       used 98947K, committed 100672K, reserved 1179648K
  class space    used 9477K, committed 10304K, reserved 1048576K
}
Event: 73141.102 GC heap before
{Heap before GC invocations=29228 (full 51):
 PSYoungGen      total 4096K, used 3899K [0x00000000d5580000, 0x00000000d5e80000, 0x0000000100000000)
  eden space 2560K, 100% used [0x00000000d5580000,0x00000000d5800000,0x00000000d5800000)
  from space 1536K, 87% used [0x00000000d5d00000,0x00000000d5e4ede8,0x00000000d5e80000)
  to   space 2560K, 0% used [0x00000000d5980000,0x00000000d5980000,0x00000000d5c00000)
 ParOldGen       total 839680K, used 839501K [0x0000000080000000, 0x00000000b3400000, 0x00000000d5580000)
  object space 839680K, 99% used [0x0000000080000000,0x00000000b33d37c0,0x00000000b3400000)
 Metaspace       used 98947K, committed 100672K, reserved 1179648K
  class space    used 9477K, committed 10304K, reserved 1048576K
}
Event: 73141.104 GC heap after
{Heap after GC invocations=29228 (full 51):
 PSYoungGen      total 5120K, used 384K [0x00000000d5580000, 0x00000000d5d80000, 0x0000000100000000)
  eden space 2560K, 0% used [0x00000000d5580000,0x00000000d5580000,0x00000000d5800000)
  from space 2560K, 15% used [0x00000000d5980000,0x00000000d59e0000,0x00000000d5c00000)
  to   space 1024K, 0% used [0x00000000d5c80000,0x00000000d5c80000,0x00000000d5d80000)
 ParOldGen       total 841216K, used 840713K [0x0000000080000000, 0x00000000b3580000, 0x00000000d5580000)
  object space 841216K, 99% used [0x0000000080000000,0x00000000b35025a8,0x00000000b3580000)
 Metaspace       used 98947K, committed 100672K, reserved 1179648K
  class space    used 9477K, committed 10304K, reserved 1048576K
}
Event: 73141.133 GC heap before
{Heap before GC invocations=29229 (full 51):
 PSYoungGen      total 5120K, used 2944K [0x00000000d5580000, 0x00000000d5d80000, 0x0000000100000000)
  eden space 2560K, 100% used [0x00000000d5580000,0x00000000d5800000,0x00000000d5800000)
  from space 2560K, 15% used [0x00000000d5980000,0x00000000d59e0000,0x00000000d5c00000)
  to   space 1024K, 0% used [0x00000000d5c80000,0x00000000d5c80000,0x00000000d5d80000)
 ParOldGen       total 841216K, used 840713K [0x0000000080000000, 0x00000000b3580000, 0x00000000d5580000)
  object space 841216K, 99% used [0x0000000080000000,0x00000000b35025a8,0x00000000b3580000)
 Metaspace       used 98947K, committed 100672K, reserved 1179648K
  class space    used 9477K, committed 10304K, reserved 1048576K
}
Event: 73141.136 GC heap after
{Heap after GC invocations=29229 (full 51):
 PSYoungGen      total 3072K, used 384K [0x00000000d5580000, 0x00000000d5d00000, 0x0000000100000000)
  eden space 2560K, 0% used [0x00000000d5580000,0x00000000d5580000,0x00000000d5800000)
  from space 512K, 75% used [0x00000000d5c80000,0x00000000d5ce0000,0x00000000d5d00000)
  to   space 512K, 0% used [0x00000000d5c00000,0x00000000d5c00000,0x00000000d5c80000)
 ParOldGen       total 841216K, used 840905K [0x0000000080000000, 0x00000000b3580000, 0x00000000d5580000)
  object space 841216K, 99% used [0x0000000080000000,0x00000000b35325a8,0x00000000b3580000)
 Metaspace       used 98947K, committed 100672K, reserved 1179648K
  class space    used 9477K, committed 10304K, reserved 1048576K
}
Event: 73141.149 GC heap before
{Heap before GC invocations=29230 (full 51):
 PSYoungGen      total 3072K, used 2944K [0x00000000d5580000, 0x00000000d5d00000, 0x0000000100000000)
  eden space 2560K, 100% used [0x00000000d5580000,0x00000000d5800000,0x00000000d5800000)
  from space 512K, 75% used [0x00000000d5c80000,0x00000000d5ce0000,0x00000000d5d00000)
  to   space 512K, 0% used [0x00000000d5c00000,0x00000000d5c00000,0x00000000d5c80000)
 ParOldGen       total 841216K, used 840905K [0x0000000080000000, 0x00000000b3580000, 0x00000000d5580000)
  object space 841216K, 99% used [0x0000000080000000,0x00000000b35325a8,0x00000000b3580000)
 Metaspace       used 98947K, committed 100672K, reserved 1179648K
  class space    used 9477K, committed 10304K, reserved 1048576K
}
Event: 73141.159 GC heap after
{Heap after GC invocations=29230 (full 51):
 PSYoungGen      total 3584K, used 512K [0x00000000d5580000, 0x00000000d5d00000, 0x0000000100000000)
  eden space 3072K, 0% used [0x00000000d5580000,0x00000000d5580000,0x00000000d5880000)
  from space 512K, 100% used [0x00000000d5c00000,0x00000000d5c80000,0x00000000d5c80000)
  to   space 512K, 0% used [0x00000000d5c80000,0x00000000d5c80000,0x00000000d5d00000)
 ParOldGen       total 841216K, used 841177K [0x0000000080000000, 0x00000000b3580000, 0x00000000d5580000)
  object space 841216K, 99% used [0x0000000080000000,0x00000000b35765a8,0x00000000b3580000)
 Metaspace       used 98947K, committed 100672K, reserved 1179648K
  class space    used 9477K, committed 10304K, reserved 1048576K
}
Event: 73141.180 GC heap before
{Heap before GC invocations=29231 (full 51):
 PSYoungGen      total 3584K, used 3584K [0x00000000d5580000, 0x00000000d5d00000, 0x0000000100000000)
  eden space 3072K, 100% used [0x00000000d5580000,0x00000000d5880000,0x00000000d5880000)
  from space 512K, 100% used [0x00000000d5c00000,0x00000000d5c80000,0x00000000d5c80000)
  to   space 512K, 0% used [0x00000000d5c80000,0x00000000d5c80000,0x00000000d5d00000)
 ParOldGen       total 841216K, used 841177K [0x0000000080000000, 0x00000000b3580000, 0x00000000d5580000)
  object space 841216K, 99% used [0x0000000080000000,0x00000000b35765a8,0x00000000b3580000)
 Metaspace       used 98947K, committed 100672K, reserved 1179648K
  class space    used 9477K, committed 10304K, reserved 1048576K
}
Event: 73141.197 GC heap after
{Heap after GC invocations=29231 (full 51):
 PSYoungGen      total 4608K, used 482K [0x00000000d5580000, 0x00000000d5d80000, 0x0000000100000000)
  eden space 4096K, 0% used [0x00000000d5580000,0x00000000d5580000,0x00000000d5980000)
  from space 512K, 94% used [0x00000000d5c80000,0x00000000d5cf8a98,0x00000000d5d00000)
  to   space 2048K, 0% used [0x00000000d5980000,0x00000000d5980000,0x00000000d5b80000)
 ParOldGen       total 842240K, used 842193K [0x0000000080000000, 0x00000000b3680000, 0x00000000d5580000)
  object space 842240K, 99% used [0x0000000080000000,0x00000000b3674410,0x00000000b3680000)
 Metaspace       used 98947K, committed 100672K, reserved 1179648K
  class space    used 9477K, committed 10304K, reserved 1048576K
}
Event: 73141.211 GC heap before
{Heap before GC invocations=29232 (full 51):
 PSYoungGen      total 4608K, used 4500K [0x00000000d5580000, 0x00000000d5d80000, 0x0000000100000000)
  eden space 4096K, 98% used [0x00000000d5580000,0x00000000d596c868,0x00000000d5980000)
  from space 512K, 94% used [0x00000000d5c80000,0x00000000d5cf8a98,0x00000000d5d00000)
  to   space 2048K, 0% used [0x00000000d5980000,0x00000000d5980000,0x00000000d5b80000)
 ParOldGen       total 842240K, used 842193K [0x0000000080000000, 0x00000000b3680000, 0x00000000d5580000)
  object space 842240K, 99% used [0x0000000080000000,0x00000000b3674410,0x00000000b3680000)
 Metaspace       used 98947K, committed 100672K, reserved 1179648K
  class space    used 9477K, committed 10304K, reserved 1048576K
}
Event: 73141.215 GC heap after
{Heap after GC invocations=29232 (full 51):
 PSYoungGen      total 6144K, used 736K [0x00000000d5580000, 0x00000000d5d00000, 0x0000000100000000)
  eden space 4096K, 0% used [0x00000000d5580000,0x00000000d5580000,0x00000000d5980000)
  from space 2048K, 35% used [0x00000000d5980000,0x00000000d5a38000,0x00000000d5b80000)
  to   space 1024K, 0% used [0x00000000d5c00000,0x00000000d5c00000,0x00000000d5d00000)
 ParOldGen       total 842752K, used 842350K [0x0000000080000000, 0x00000000b3700000, 0x00000000d5580000)
  object space 842752K, 99% used [0x0000000080000000,0x00000000b369bb78,0x00000000b3700000)
 Metaspace       used 98947K, committed 100672K, reserved 1179648K
  class space    used 9477K, committed 10304K, reserved 1048576K
}
Event: 73141.243 GC heap before
{Heap before GC invocations=29233 (full 51):
 PSYoungGen      total 6144K, used 4832K [0x00000000d5580000, 0x00000000d5d00000, 0x0000000100000000)
  eden space 4096K, 100% used [0x00000000d5580000,0x00000000d5980000,0x00000000d5980000)
  from space 2048K, 35% used [0x00000000d5980000,0x00000000d5a38000,0x00000000d5b80000)
  to   space 1024K, 0% used [0x00000000d5c00000,0x00000000d5c00000,0x00000000d5d00000)
 ParOldGen       total 842752K, used 842350K [0x0000000080000000, 0x00000000b3700000, 0x00000000d5580000)
  object space 842752K, 99% used [0x0000000080000000,0x00000000b369bb78,0x00000000b3700000)
 Metaspace       used 98947K, committed 100672K, reserved 1179648K
  class space    used 9477K, committed 10304K, reserved 1048576K
}
Event: 73141.268 GC heap after
{Heap after GC invocations=29233 (full 51):
 PSYoungGen      total 2048K, used 997K [0x00000000d5580000, 0x00000000d6580000, 0x0000000100000000)
  eden space 1024K, 0% used [0x00000000d5580000,0x00000000d5580000,0x00000000d5680000)
  from space 1024K, 97% used [0x00000000d5c00000,0x00000000d5cf9530,0x00000000d5d00000)
  to   space 5632K, 0% used [0x00000000d5680000,0x00000000d5680000,0x00000000d5c00000)
 ParOldGen       total 846336K, used 846038K [0x0000000080000000, 0x00000000b3a80000, 0x00000000d5580000)
  object space 846336K, 99% used [0x0000000080000000,0x00000000b3a35b78,0x00000000b3a80000)
 Metaspace       used 98947K, committed 100672K, reserved 1179648K
  class space    used 9477K, committed 10304K, reserved 1048576K
}

